## [2.0.8] - 2024-06-22

### Changed
- Bumped package version to 2.0.8
- Shortened pubspec description
- Added valid issue_tracker URL
- Removed duplicate import in custom_chat_widget.dart
- Simplified withOpacityCompat implementation

## [2.0.7] - 2024-06-21

### Fixed
- Trimmed pubspec description for pub.dev length
- Removed duplicate import in custom_chat_widget.dart
- Removed deprecated withOpacity fallback in color_extensions.dart

## [2.0.7] - 2024-06-21

### Fixed
- Trimmed pubspec description for pub.dev length
- Removed duplicate import in custom_chat_widget.dart
- Removed deprecated withOpacity fallback in color_extensions.dart

# Flutter Gen AI Chat UI Changes Log

## [2.0.2] - 2023-03-15

### Changed
- Made send button always visible by default at the package level
- Completely removed the `alwaysShowSend` property as it's now redundant
- Modified default input behavior to prevent focus issues when typing
- Updated documentation to reflect the new send button behavior

## [2.0.0] - 2023-06-10

### Breaking Changes
- Overhauled API to align more closely with Dila patterns
- Moved from centralized `AiChatConfig` to direct parameters in `AiChatWidget`
- Streamlined redundant and deprecated properties
- Reorganized configuration classes for better usability

### Improvements
- Enhanced documentation with comprehensive usage guide
- Added detailed migration guide from 1.x to 2.0
- Better IDE autocompletion support
- More intuitive parameter naming
- Cleaner code organization
- Simplified configuration objects

### Backward Compatibility
- Added `@Deprecated` markers to guide migration
- Maintained core functionality while improving API
- Preserved configuration objects but made them more focused

## [0.3.0] - 2023-07-11

### Added
- [FEATURE] [INPUT] Added comprehensive size control to InputOptions:
  - inputHeight - Explicit height control for text input field
  - inputContainerHeight - Height control for entire input container
  - inputContainerConstraints - Advanced size control with BoxConstraints
  - inputContainerWidth - Enum to control width behavior (fullWidth, wrapContent, custom)
- [DOC] [INPUT] Updated input_customization.md with documentation for all new sizing options
- [DOC] [INPUT] Added example code showing how to use the new size control features

## [0.2.0] - 2023-07-10

### Added
- [FEATURE] [INPUT] Added material customization properties to InputOptions:
  - materialElevation - Controls shadow depth of input container
  - materialColor - Controls background color of input container
  - materialPadding - Controls padding around input container

## [2.1.0] - YYYY-MM-DD
### Added
- Added `ChatAction` model and `ChatActionsBar` widget for dynamic bottom action bar support
- Exposed `actionsBarConfig` in `ChatInput`
- Scaffoled integration hook in `AiChatWidget` 